Received signal: Terminated (15)
Received signal: Hangup (1)
Received signal: Interrupt (2)
Received signal: Quit (3)
Received signal: Hangup (1)
Received signal: Hangup (1)
Received signal: Trace/breakpoint trap (5)
Received signal: Illegal instruction (4)
Received signal: Hangup (1)
Received signal: Terminated (15)
Received signal: Terminated (15)
Received signal: Real-time signal 0 (34)
Received signal: Real-time signal 0 (34)
Received signal: Real-time signal 0 (34)
Received signal: Real-time signal 0 (34)
Received signal: Trace/breakpoint trap (5)
Received signal: Hangup (1)
Received signal: Hangup (1)
Received signal: Continued (18)
Received signal: Hangup (1)
Received signal:  (18)
Received signal: Hangup (1)
Received signal:  (18)
Received signal: Terminated (15)
Received signal: Hangup (1)
Received signal: Continued (18)
Received signal: Hangup (1)
Received signal: Continued (18)
Received signal: Hangup (1)
Received signal:  (18)
Received signal:  (18)
Received signal: Hangup (1)
Received signal: Continued (18)
Received signal: Hangup (1)
Received signal: Continued (18)
Received signal: Terminated (15)
